0 info it worked if it ends with ok
1 verbose cli [ 'node',
1 verbose cli   '/Users/Johnny/.nvm/versions/node/v0.12.2/bin/npm',
1 verbose cli   'run',
1 verbose cli   'dev-server' ]
2 info using npm@2.13.4
3 info using node@v0.12.2
4 verbose run-script [ 'predev-server', 'dev-server', 'postdev-server' ]
5 info predev-server cumul8_test@1.0.0
6 info dev-server cumul8_test@1.0.0
7 verbose unsafe-perm in lifecycle true
8 info cumul8_test@1.0.0 Failed to exec dev-server script
9 verbose stack Error: cumul8_test@1.0.0 dev-server: `webpack-dev-server --devtool-eval --inline --hot --colors --progress --display-error-details --content-base build`
9 verbose stack Exit status 1
9 verbose stack     at EventEmitter.<anonymous> (/Users/Johnny/.nvm/versions/node/v0.12.2/lib/node_modules/npm/lib/utils/lifecycle.js:214:16)
9 verbose stack     at EventEmitter.emit (events.js:110:17)
9 verbose stack     at ChildProcess.<anonymous> (/Users/Johnny/.nvm/versions/node/v0.12.2/lib/node_modules/npm/lib/utils/spawn.js:24:14)
9 verbose stack     at ChildProcess.emit (events.js:110:17)
9 verbose stack     at maybeClose (child_process.js:1015:16)
9 verbose stack     at Process.ChildProcess._handle.onexit (child_process.js:1087:5)
10 verbose pkgid cumul8_test@1.0.0
11 verbose cwd /Users/Johnny/Desktop/repos/tickit
12 error Darwin 14.4.0
13 error argv "node" "/Users/Johnny/.nvm/versions/node/v0.12.2/bin/npm" "run" "dev-server"
14 error node v0.12.2
15 error npm  v2.13.4
16 error code ELIFECYCLE
17 error cumul8_test@1.0.0 dev-server: `webpack-dev-server --devtool-eval --inline --hot --colors --progress --display-error-details --content-base build`
17 error Exit status 1
18 error Failed at the cumul8_test@1.0.0 dev-server script 'webpack-dev-server --devtool-eval --inline --hot --colors --progress --display-error-details --content-base build'.
18 error This is most likely a problem with the cumul8_test package,
18 error not with npm itself.
18 error Tell the author that this fails on your system:
18 error     webpack-dev-server --devtool-eval --inline --hot --colors --progress --display-error-details --content-base build
18 error You can get their info via:
18 error     npm owner ls cumul8_test
18 error There is likely additional logging output above.
19 verbose exit [ 1, true ]
